2025-10-23 18:20:58,396 | INFO | ===== INICIO EJECUCIÓN NOTEBOOK 1 (Scraping + ETL) =====
2025-10-23 18:20:58,400 | INFO | Carpeta destino Excel: /content/gdrive/MyDrive/trabajoGrado/reporte_colombiatic
2025-10-23 18:20:58,402 | INFO | Carpeta temporal Excel: /content/gdrive/MyDrive/trabajoGrado/temp_colombiatic
2025-10-23 18:20:58,404 | INFO | Base en Drive: /content/gdrive/MyDrive/trabajoGrado/colombiatic_datos/colombiatic.duckdb
2025-10-23 18:20:58,406 | INFO | Log persistente: /content/gdrive/MyDrive/trabajoGrado/colombiatic_datos/colombiatic_etl.log
2025-10-23 18:20:58,411 | INFO | 🌐 Iniciando scraping de boletines...
2025-10-23 18:21:13,873 | INFO | 📰 Artículos detectados: 6
2025-10-23 18:21:35,324 | INFO | 📊 Archivos Excel detectados (únicos): 3
2025-10-23 18:23:39,222 | INFO | 📦 Archivos descargados en temp: 3
2025-10-23 18:23:39,240 | INFO | 📦 Movido a carpeta destino: articles_406102_archivo_xls.xlsx
2025-10-23 18:23:39,257 | INFO | 📦 Movido a carpeta destino: articles_407454_archivo_xls.xlsx
2025-10-23 18:23:39,293 | INFO | 📦 Movido a carpeta destino: articles_404030_archivo_xls.xlsx
2025-10-23 18:23:39,301 | INFO | 🎯 Scraping finalizado.
2025-10-23 18:23:42,430 | INFO | ✅ Copia local creada desde Drive: /content/gdrive/MyDrive/trabajoGrado/colombiatic_datos/colombiatic.duckdb → /content/colombiatic_temp.duckdb
2025-10-23 18:23:42,793 | INFO | 💾 Conexión establecida con base local: /content/colombiatic_temp.duckdb
2025-10-23 18:23:42,808 | INFO | 📊 Tabla 'control_cargue' lista.
2025-10-23 18:23:42,833 | INFO | 🆕 Archivos TIC nuevos detectados: 3
2025-10-23 18:23:42,835 | INFO | 
📘 Procesando: articles_406102_archivo_xls.xlsx
2025-10-23 18:23:43,596 | INFO |    ✅ Hoja 'CONTENIDO' cargada como 'articles_406102_archivo_xls_contenido' (15 filas)
2025-10-23 18:23:43,775 | INFO |    ✅ Hoja 'CORREO' cargada como 'articles_406102_archivo_xls_correo' (386 filas)
2025-10-23 18:23:45,248 | INFO |    ✅ Hoja 'MENSAJERÍA EXPRESA' cargada como 'articles_406102_archivo_xls_mensajer_a' (10997 filas)
2025-10-23 18:23:45,256 | INFO | 📝 Registrado en control_cargue: articles_406102_archivo_xls.xlsx | hojas=3 | filas=11398 | estado=OK
2025-10-23 18:23:45,258 | INFO | 
📘 Procesando: articles_407454_archivo_xls.xlsx
2025-10-23 18:23:46,279 | INFO |    ✅ Hoja 'CONTENIDO' cargada como 'articles_407454_archivo_xls_contenido' (14 filas)
2025-10-23 18:26:14,494 | INFO |    ✅ Hoja '1' cargada como 'articles_407454_archivo_xls_1' (850027 filas)
2025-10-23 18:26:16,852 | INFO |    ✅ Hoja '2' cargada como 'articles_407454_archivo_xls_2' (14360 filas)
2025-10-23 18:26:17,343 | WARNING | ⚠️ ERROR_HOJA:3:Passed header=[4], len of 1, but only 4 lines in file (sheet: 3)
2025-10-23 18:26:17,350 | INFO | 📝 Registrado en control_cargue: articles_407454_archivo_xls.xlsx | hojas=3 | filas=864401 | estado=ERROR_HOJA:3:Passed header=[4], len of 1, but only 4 lines in file (sheet: 3)
2025-10-23 18:26:17,352 | INFO | 
📘 Procesando: articles_404030_archivo_xls.xlsx
2025-10-23 18:26:20,575 | INFO |    ✅ Hoja 'CONTENIDO' cargada como 'articles_404030_archivo_xls_contenido' (48 filas)
2025-10-23 18:26:21,497 | INFO |    ✅ Hoja '1' cargada como 'articles_404030_archivo_xls_1' (12142 filas)
2025-10-23 18:26:21,906 | INFO |    ✅ Hoja '2' cargada como 'articles_404030_archivo_xls_2' (368 filas)
2025-10-23 18:26:23,424 | INFO |    ✅ Hoja '3' cargada como 'articles_404030_archivo_xls_3' (12316 filas)
2025-10-23 18:27:19,098 | INFO |    ✅ Hoja '4,1' cargada como 'articles_404030_archivo_xls_4_1' (385911 filas)
2025-10-23 18:29:18,833 | INFO |    ✅ Hoja '4,2' cargada como 'articles_404030_archivo_xls_4_2' (817168 filas)
2025-10-23 18:31:10,525 | INFO |    ✅ Hoja '4,3' cargada como 'articles_404030_archivo_xls_4_3' (764507 filas)
2025-10-23 18:31:37,228 | INFO |    ✅ Hoja '4,4' cargada como 'articles_404030_archivo_xls_4_4' (182708 filas)
2025-10-23 18:31:38,148 | INFO |    ✅ Hoja '5' cargada como 'articles_404030_archivo_xls_5' (13271 filas)
2025-10-23 18:31:38,576 | INFO |    ✅ Hoja '6' cargada como 'articles_404030_archivo_xls_6' (627 filas)
2025-10-23 18:31:38,875 | INFO |    ✅ Hoja '7' cargada como 'articles_404030_archivo_xls_7' (237 filas)
2025-10-23 18:31:39,152 | INFO |    ✅ Hoja '8' cargada como 'articles_404030_archivo_xls_8' (172 filas)
2025-10-23 18:31:39,566 | INFO |    ✅ Hoja '9' cargada como 'articles_404030_archivo_xls_9' (612 filas)
2025-10-23 18:31:39,857 | INFO |    ✅ Hoja '10' cargada como 'articles_404030_archivo_xls_10' (236 filas)
2025-10-23 18:31:40,410 | INFO |    ✅ Hoja '11' cargada como 'articles_404030_archivo_xls_11' (89 filas)
2025-10-23 18:31:40,877 | INFO |    ✅ Hoja '12' cargada como 'articles_404030_archivo_xls_12' (132 filas)
2025-10-23 18:31:41,565 | INFO |    ✅ Hoja '13' cargada como 'articles_404030_archivo_xls_13' (2135 filas)
2025-10-23 18:31:42,160 | INFO |    ✅ Hoja '14' cargada como 'articles_404030_archivo_xls_14' (131 filas)
2025-10-23 18:32:05,184 | INFO |    ✅ Hoja '15' cargada como 'articles_404030_archivo_xls_15' (123988 filas)
2025-10-23 18:32:11,610 | INFO |    ✅ Hoja '16' cargada como 'articles_404030_archivo_xls_16' (46723 filas)
2025-10-23 18:32:11,890 | INFO |    ✅ Hoja '17' cargada como 'articles_404030_archivo_xls_17' (216 filas)
2025-10-23 18:32:13,243 | WARNING | ⚠️ ERROR_HOJA:18:Passed header=[4], len of 1, but only 4 lines in file (sheet: 18)
2025-10-23 18:32:13,253 | INFO | 📝 Registrado en control_cargue: articles_404030_archivo_xls.xlsx | hojas=21 | filas=2363737 | estado=ERROR_HOJA:18:Passed header=[4], len of 1, but only 4 lines in file (sheet: 18)
2025-10-23 18:32:14,135 | INFO | 📦 Base actualizada copiada de nuevo al Drive: /content/colombiatic_temp.duckdb → /content/gdrive/MyDrive/trabajoGrado/colombiatic_datos/colombiatic.duckdb
2025-10-23 18:32:14,282 | INFO | ===== FIN EJECUCIÓN NOTEBOOK 1 =====
